<?xml version="1.0" encoding="UTF-8"?>
<!-- Generated by org.testng.reporters.JUnitReportReporter -->
<testsuite hostname="DESKTOP-A3C766P" failures="0" tests="4" name="DDTapi.DDTexcel" time="2.373" errors="0" timestamp="2023-06-26T16:04:38 IST" skipped="0">
  <testcase classname="DDTapi.DDTexcel" name="dataapi" time="2.126"/>
  <system-out/>
  <testcase classname="DDTapi.DDTexcel" name="dataapi" time="0.062"/>
  <system-out/>
  <testcase classname="DDTapi.DDTexcel" name="dataapi" time="0.093"/>
  <system-out/>
  <testcase classname="DDTapi.DDTexcel" name="dataapi" time="0.092"/>
  <system-out/>
</testsuite> <!-- DDTapi.DDTexcel -->
