<?xml version="1.0" encoding="UTF-8"?>
<!-- Generated by org.testng.reporters.JUnitReportReporter -->
<testsuite hostname="DESKTOP-A3C766P" failures="0" tests="1" name="CRUDwithBDD.Getsingleproject" time="2.082" errors="0" timestamp="2023-06-21T15:19:42 IST" skipped="0">
  <testcase classname="CRUDwithBDD.Getsingleproject" name="getsingleproj" time="2.082"/>
  <system-out/>
</testsuite> <!-- CRUDwithBDD.Getsingleproject -->
