<?xml version="1.0" encoding="UTF-8"?>
<!-- Generated by org.testng.reporters.JUnitReportReporter -->
<testsuite hostname="DESKTOP-A3C766P" failures="0" tests="1" name="DifferentwaytoPOSTrequest.postreqwithPOJO" time="2.476" errors="0" timestamp="2023-06-22T11:33:40 IST" skipped="0">
  <testcase classname="DifferentwaytoPOSTrequest.postreqwithPOJO" name="postpojo" time="2.476"/>
  <system-out/>
</testsuite> <!-- DifferentwaytoPOSTrequest.postreqwithPOJO -->
