<?xml version="1.0" encoding="UTF-8"?>
<!-- Generated by org.testng.reporters.JUnitReportReporter -->
<testsuite hostname="DESKTOP-A3C766P" failures="0" tests="1" name="Interviewquestions.RequestspecandResponsespecbuilder" time="2.548" errors="0" timestamp="2023-06-26T15:18:35 IST" skipped="0">
  <testcase classname="Interviewquestions.RequestspecandResponsespecbuilder" name="reqresspecbuild" time="2.548"/>
  <system-out/>
</testsuite> <!-- Interviewquestions.RequestspecandResponsespecbuilder -->
