<?xml version="1.0" encoding="UTF-8"?>
<!-- Generated by org.testng.reporters.JUnitReportReporter -->
<testsuite hostname="DESKTOP-A3C766P" failures="0" tests="1" name="parameterwithBDD.Queryparameter" time="2.572" errors="0" timestamp="2023-06-29T23:02:16 IST" skipped="0">
  <testcase classname="parameterwithBDD.Queryparameter" name="qurpara" time="2.572"/>
  <system-out/>
</testsuite> <!-- parameterwithBDD.Queryparameter -->
