<?xml version="1.0" encoding="UTF-8"?>
<!-- Generated by org.testng.reporters.JUnitReportReporter -->
<testsuite hostname="DESKTOP-A3C766P" failures="0" tests="1" name="parameterREQRES.Queryparameter" time="3.924" errors="0" timestamp="2023-06-22T13:24:42 IST" skipped="0">
  <testcase classname="parameterREQRES.Queryparameter" name="pathparaCreate" time="3.924"/>
  <system-out/>
</testsuite> <!-- parameterREQRES.Queryparameter -->
