<?xml version="1.0" encoding="UTF-8"?>
<!-- Generated by org.testng.reporters.JUnitReportReporter -->
<testsuite hostname="DESKTOP-A3C766P" failures="0" tests="1" name="serialization.EmployeewithObjectserialization" time="0.258" errors="0" timestamp="2023-06-27T12:59:47 IST" skipped="0">
  <testcase classname="serialization.EmployeewithObjectserialization" name="empobject" time="0.258"/>
  <system-out/>
</testsuite> <!-- serialization.EmployeewithObjectserialization -->
