<?xml version="1.0" encoding="UTF-8"?>
<!-- Generated by org.testng.reporters.JUnitReportReporter -->
<testsuite hostname="DESKTOP-A3C766P" failures="0" tests="1" name="Responsebodyvalidation.staticPROJNAMEvalidation" time="3.250" errors="0" timestamp="2023-06-22T17:12:27 IST" skipped="0">
  <testcase classname="Responsebodyvalidation.staticPROJNAMEvalidation" name="staticresp" time="3.250"/>
  <system-out/>
</testsuite> <!-- Responsebodyvalidation.staticPROJNAMEvalidation -->
