<?xml version="1.0" encoding="UTF-8"?>
<!-- Generated by org.testng.reporters.JUnitReportReporter -->
<testsuite hostname="DESKTOP-A3C766P" failures="0" tests="1" name="parameterwithBDD.Pathparameter" time="2.654" errors="0" timestamp="2023-06-22T12:57:04 IST" skipped="0">
  <testcase classname="parameterwithBDD.Pathparameter" name="pathpara" time="2.654"/>
  <system-out/>
</testsuite> <!-- parameterwithBDD.Pathparameter -->
