<?xml version="1.0" encoding="UTF-8"?>
<!-- Generated by org.testng.reporters.JUnitReportReporter -->
<testsuite hostname="DESKTOP-A3C766P" failures="0" tests="1" name="Requestchaining.Requestchaining2" time="10.787" errors="0" timestamp="2023-06-23T15:50:06 IST" skipped="0">
  <testcase classname="Requestchaining.Requestchaining2" name="request2" time="10.787"/>
  <system-out/>
</testsuite> <!-- Requestchaining.Requestchaining2 -->
