<?xml version="1.0" encoding="UTF-8"?>
<!-- Generated by org.testng.reporters.JUnitReportReporter -->
<testsuite hostname="DESKTOP-A3C766P" failures="0" tests="3" name="DDTapi.Ddtapi1" time="2.661" errors="0" timestamp="2023-06-26T12:40:06 IST" skipped="0">
  <testcase classname="DDTapi.Ddtapi1" name="ddtapi" time="0.116"/>
  <system-out/>
  <testcase classname="DDTapi.Ddtapi1" name="ddtapi" time="2.410"/>
  <system-out/>
  <testcase classname="DDTapi.Ddtapi1" name="ddtapi" time="0.135"/>
  <system-out/>
</testsuite> <!-- DDTapi.Ddtapi1 -->
