<?xml version="1.0" encoding="UTF-8"?>
<!-- Generated by org.testng.reporters.JUnitReportReporter -->
<testsuite hostname="DESKTOP-A3C766P" failures="0" tests="1" name="Cookies.Singlecookievalidation" time="24.495" errors="0" timestamp="2023-06-29T15:51:25 IST" skipped="0">
  <testcase classname="Cookies.Singlecookievalidation" name="singlecooki" time="24.495"/>
  <system-out/>
</testsuite> <!-- Cookies.Singlecookievalidation -->
