<?xml version="1.0" encoding="UTF-8"?>
<!-- Generated by org.testng.reporters.JUnitReportReporter -->
<testsuite hostname="DESKTOP-A3C766P" failures="0" tests="1" name="APIFramework1.InsertintoDBandgetproject" time="0.075" errors="0" timestamp="2023-06-28T16:46:11 IST" skipped="0">
  <testcase classname="APIFramework1.InsertintoDBandgetproject" name="insertdata" time="0.075"/>
  <system-out/>
</testsuite> <!-- APIFramework1.InsertintoDBandgetproject -->
