<?xml version="1.0" encoding="UTF-8"?>
<!-- Generated by org.testng.reporters.JUnitReportReporter -->
<testsuite hostname="DESKTOP-A3C766P" failures="0" tests="1" name="CRUDwithoutBDD.Updateproject1" time="66.955" errors="0" timestamp="2023-06-21T14:48:14 IST" skipped="0">
  <testcase classname="CRUDwithoutBDD.Updateproject1" name="updateproj" time="66.955"/>
  <system-out/>
</testsuite> <!-- CRUDwithoutBDD.Updateproject1 -->
