<?xml version="1.0" encoding="UTF-8"?>
<!-- Generated by org.testng.reporters.JUnitReportReporter -->
<testsuite hostname="DESKTOP-A3C766P" failures="0" tests="1" name="Authentication.Digestive" time="2.143" errors="0" timestamp="2023-06-23T12:41:40 IST" skipped="0">
  <testcase classname="Authentication.Digestive" name="digestiveauth" time="2.143"/>
  <system-out/>
</testsuite> <!-- Authentication.Digestive -->
