<?xml version="1.0" encoding="UTF-8"?>
<!-- Generated by org.testng.reporters.JUnitReportReporter -->
<testsuite hostname="DESKTOP-A3C766P" failures="0" tests="1" name="DifferentwaytoPOSTrequest.postreqwithJSONobjectBDD" time="2.708" errors="0" timestamp="2023-06-22T11:05:04 IST" skipped="0">
  <testcase classname="DifferentwaytoPOSTrequest.postreqwithJSONobjectBDD" name="postwitJSONobj" time="2.708"/>
  <system-out/>
</testsuite> <!-- DifferentwaytoPOSTrequest.postreqwithJSONobjectBDD -->
