<?xml version="1.0" encoding="UTF-8"?>
<!-- Generated by org.testng.reporters.JUnitReportReporter -->
<testsuite hostname="DESKTOP-A3C766P" failures="0" tests="1" name="NormalTestScript.CreateAPIgetGUIgetDB" time="10.767" errors="0" timestamp="2023-06-29T11:39:36 IST" skipped="0">
  <testcase classname="NormalTestScript.CreateAPIgetGUIgetDB" name="Scenario1" time="10.767"/>
  <system-out/>
</testsuite> <!-- NormalTestScript.CreateAPIgetGUIgetDB -->
