<?xml version="1.0" encoding="UTF-8"?>
<!-- Generated by org.testng.reporters.JUnitReportReporter -->
<testsuite hostname="DESKTOP-A3C766P" failures="0" tests="1" name="CRUDwithoutBDD.Getallproject" time="2.350" errors="0" timestamp="2023-06-21T13:09:35 IST" skipped="0">
  <testcase classname="CRUDwithoutBDD.Getallproject" name="allproj" time="2.350"/>
  <system-out/>
</testsuite> <!-- CRUDwithoutBDD.Getallproject -->
