<?xml version="1.0" encoding="UTF-8"?>
<!-- Generated by org.testng.reporters.JUnitReportReporter -->
<testsuite hostname="DESKTOP-A3C766P" failures="0" tests="1" name="CRUDwithoutBDD.Getsingleproject" time="2.508" errors="0" timestamp="2023-06-21T13:02:09 IST" skipped="0">
  <testcase classname="CRUDwithoutBDD.Getsingleproject" name="singleproj" time="2.508"/>
  <system-out/>
</testsuite> <!-- CRUDwithoutBDD.Getsingleproject -->
