<?xml version="1.0" encoding="UTF-8"?>
<!-- Generated by org.testng.reporters.JUnitReportReporter -->
<testsuite hostname="DESKTOP-A3C766P" failures="0" tests="1" name="Schema.Schemavalidation1" time="7.383" errors="0" timestamp="2023-06-26T17:58:56 IST" skipped="0">
  <testcase classname="Schema.Schemavalidation1" name="scheme" time="7.383"/>
  <system-out/>
</testsuite> <!-- Schema.Schemavalidation1 -->
