<?xml version="1.0" encoding="UTF-8"?>
<!-- Generated by org.testng.reporters.JUnitReportReporter -->
<testsuite hostname="DESKTOP-A3C766P" failures="0" tests="1" name="Authentication.Preemtive" time="2.100" errors="0" timestamp="2023-06-23T12:41:15 IST" skipped="0">
  <testcase classname="Authentication.Preemtive" name="preemtiveauth" time="2.100"/>
  <system-out/>
</testsuite> <!-- Authentication.Preemtive -->
