<?xml version="1.0" encoding="UTF-8"?>
<!-- Generated by org.testng.reporters.JUnitReportReporter -->
<testsuite hostname="DESKTOP-A3C766P" failures="0" tests="1" name="CRUDwithBDD.Createproject" time="2.409" errors="0" timestamp="2023-06-21T15:19:12 IST" skipped="0">
  <testcase classname="CRUDwithBDD.Createproject" name="createproj" time="2.409"/>
  <system-out/>
</testsuite> <!-- CRUDwithBDD.Createproject -->
