<?xml version="1.0" encoding="UTF-8"?>
<!-- Generated by org.testng.reporters.JUnitReportReporter -->
<testsuite hostname="DESKTOP-A3C766P" failures="0" tests="1" name="CRUDwithoutBDD.createproject" time="2.432" errors="0" timestamp="2023-06-21T12:32:56 IST" skipped="0">
  <testcase classname="CRUDwithoutBDD.createproject" name="createproj" time="2.432"/>
  <system-out/>
</testsuite> <!-- CRUDwithoutBDD.createproject -->
