<?xml version="1.0" encoding="UTF-8"?>
<!-- Generated by org.testng.reporters.JUnitReportReporter -->
<testsuite hostname="DESKTOP-A3C766P" failures="0" tests="1" name="NormalTestScript.SignTestScript" time="4.075" errors="0" timestamp="2023-06-28T16:42:41 IST" skipped="0">
  <testcase classname="NormalTestScript.SignTestScript" name="signtest" time="4.075"/>
  <system-out/>
</testsuite> <!-- NormalTestScript.SignTestScript -->
