<?xml version="1.0" encoding="UTF-8"?>
<!-- Generated by org.testng.reporters.JUnitReportReporter -->
<testsuite hostname="DESKTOP-A3C766P" failures="0" tests="1" name="moc.Fetchallnameandverifyname" time="9.203" errors="0" timestamp="2023-06-30T13:01:30 IST" skipped="0">
  <testcase classname="moc.Fetchallnameandverifyname" name="fetchname" time="9.203"/>
  <system-out/>
</testsuite> <!-- moc.Fetchallnameandverifyname -->
