<?xml version="1.0" encoding="UTF-8"?>
<!-- Generated by org.testng.reporters.JUnitReportReporter -->
<testsuite hostname="DESKTOP-A3C766P" failures="0" tests="1" name="DifferentwaytoPOSTrequest.postreqwithJSONfileBDD" time="2.326" errors="0" timestamp="2023-06-22T11:04:47 IST" skipped="0">
  <testcase classname="DifferentwaytoPOSTrequest.postreqwithJSONfileBDD" name="postwithJSONfile" time="2.326"/>
  <system-out/>
</testsuite> <!-- DifferentwaytoPOSTrequest.postreqwithJSONfileBDD -->
