<?xml version="1.0" encoding="UTF-8"?>
<!-- Generated by org.testng.reporters.JUnitReportReporter -->
<testsuite hostname="DESKTOP-A3C766P" failures="0" tests="1" name="Deserialization.Employedesierializationobject" time="0.320" errors="0" timestamp="2023-06-28T22:22:58 IST" skipped="0">
  <testcase classname="Deserialization.Employedesierializationobject" name="empdeseriobj" time="0.320"/>
  <system-out/>
</testsuite> <!-- Deserialization.Employedesierializationobject -->
