<?xml version="1.0" encoding="UTF-8"?>
<!-- Generated by org.testng.reporters.JUnitReportReporter -->
<testsuite hostname="DESKTOP-A3C766P" failures="0" tests="1" name="Requestchaining.Reqresresponsechaining" time="130.630" errors="0" timestamp="2023-06-23T12:08:34 IST" skipped="0">
  <testcase classname="Requestchaining.Reqresresponsechaining" name="reqreschain" time="130.630"/>
  <system-out/>
</testsuite> <!-- Requestchaining.Reqresresponsechaining -->
