<?xml version="1.0" encoding="UTF-8"?>
<!-- Generated by org.testng.reporters.JUnitReportReporter -->
<testsuite hostname="DESKTOP-A3C766P" failures="0" tests="2" name="DDTapi.DDTapi2" time="2.500" errors="0" timestamp="2023-06-26T13:15:55 IST" skipped="0">
  <testcase classname="DDTapi.DDTapi2" name="dataapi" time="0.065"/>
  <system-out/>
  <testcase classname="DDTapi.DDTapi2" name="dataapi" time="2.435"/>
  <system-out/>
</testsuite> <!-- DDTapi.DDTapi2 -->
