<?xml version="1.0" encoding="UTF-8"?>
<!-- Generated by org.testng.reporters.JUnitReportReporter -->
<testsuite hostname="DESKTOP-A3C766P" failures="0" tests="1" name="Deserialization.EmpdeserializationArray" time="0.321" errors="0" timestamp="2023-06-27T11:41:44 IST" skipped="0">
  <testcase classname="Deserialization.EmpdeserializationArray" name="empdesrlizatinarray" time="0.321"/>
  <system-out/>
</testsuite> <!-- Deserialization.EmpdeserializationArray -->
