<?xml version="1.0" encoding="UTF-8"?>
<!-- Generated by org.testng.reporters.JUnitReportReporter -->
<testsuite hostname="DESKTOP-A3C766P" failures="0" tests="1" name="CRUDreqreswithBDD.Createproject" time="3.298" errors="0" timestamp="2023-06-21T15:41:12 IST" skipped="0">
  <testcase classname="CRUDreqreswithBDD.Createproject" name="createproj" time="3.298"/>
  <system-out/>
</testsuite> <!-- CRUDreqreswithBDD.Createproject -->
