<?xml version="1.0" encoding="UTF-8"?>
<!-- Generated by org.testng.reporters.JUnitReportReporter -->
<testsuite hostname="DESKTOP-A3C766P" failures="0" tests="1" name="Headervalidation.Headervalidationusingpost" time="3.341" errors="0" timestamp="2023-06-28T12:26:26 IST" skipped="0">
  <testcase classname="Headervalidation.Headervalidationusingpost" name="hdvalidate" time="3.341"/>
  <system-out/>
</testsuite> <!-- Headervalidation.Headervalidationusingpost -->
