<?xml version="1.0" encoding="UTF-8"?>
<!-- Generated by org.testng.reporters.JUnitReportReporter -->
<testsuite hostname="DESKTOP-A3C766P" failures="0" tests="1" name="Authentication.GenerateToken1" time="4.931" errors="0" timestamp="2023-06-26T12:06:24 IST" skipped="0">
  <testcase classname="Authentication.GenerateToken1" name="token" time="4.931"/>
  <system-out/>
</testsuite> <!-- Authentication.GenerateToken1 -->
