<?xml version="1.0" encoding="UTF-8"?>
<!-- Generated by org.testng.reporters.JUnitReportReporter -->
<testsuite hostname="DESKTOP-A3C766P" failures="0" tests="1" name="CRUDreqreswithBDD.updateprojects" time="3.194" errors="0" timestamp="2023-06-21T15:39:02 IST" skipped="0">
  <testcase classname="CRUDreqreswithBDD.updateprojects" name="update" time="3.194"/>
  <system-out/>
</testsuite> <!-- CRUDreqreswithBDD.updateprojects -->
