<?xml version="1.0" encoding="UTF-8"?>
<!-- Generated by org.testng.reporters.JUnitReportReporter -->
<testsuite hostname="DESKTOP-A3C766P" failures="0" tests="1" name="Requestchaining.Reqestchaining1" time="3.266" errors="0" timestamp="2023-06-23T10:59:35 IST" skipped="0">
  <testcase classname="Requestchaining.Reqestchaining1" name="reqchain" time="3.266"/>
  <system-out/>
</testsuite> <!-- Requestchaining.Reqestchaining1 -->
