<?xml version="1.0" encoding="UTF-8"?>
<!-- Generated by org.testng.reporters.JUnitReportReporter -->
<testsuite hostname="DESKTOP-A3C766P" failures="0" tests="1" name="CRUDwithBDD.Updateproject" time="2.265" errors="0" timestamp="2023-06-21T15:20:33 IST" skipped="0">
  <testcase classname="CRUDwithBDD.Updateproject" name="updateproj" time="2.265"/>
  <system-out/>
</testsuite> <!-- CRUDwithBDD.Updateproject -->
