<?xml version="1.0" encoding="UTF-8"?>
<!-- Generated by org.testng.reporters.JUnitReportReporter -->
<testsuite hostname="DESKTOP-A3C766P" failures="0" tests="1" name="Headervalidation.Headervalidate" time="2.386" errors="0" timestamp="2023-06-27T15:36:12 IST" skipped="0">
  <testcase classname="Headervalidation.Headervalidate" name="hdvalidate" time="2.386"/>
  <system-out/>
</testsuite> <!-- Headervalidation.Headervalidate -->
