<?xml version="1.0" encoding="UTF-8"?>
<!-- Generated by org.testng.reporters.JUnitReportReporter -->
<testsuite hostname="DESKTOP-A3C766P" failures="0" tests="1" name="Responsebodyvalidation.Staticresponsevalidation" time="3.736" errors="0" timestamp="2023-06-22T17:17:25 IST" skipped="0">
  <testcase classname="Responsebodyvalidation.Staticresponsevalidation" name="staticresp" time="3.736"/>
  <system-out/>
</testsuite> <!-- Responsebodyvalidation.Staticresponsevalidation -->
