<?xml version="1.0" encoding="UTF-8"?>
<!-- Generated by org.testng.reporters.JUnitReportReporter -->
<testsuite hostname="DESKTOP-A3C766P" failures="0" tests="1" name="Headervalidation.Getrequest" time="2.049" errors="0" timestamp="2023-06-27T15:11:38 IST" skipped="0">
  <testcase classname="Headervalidation.Getrequest" name="gtreq" time="2.049"/>
  <system-out/>
</testsuite> <!-- Headervalidation.Getrequest -->
