<?xml version="1.0" encoding="UTF-8"?>
<!-- Generated by org.testng.reporters.JUnitReportReporter -->
<testsuite hostname="DESKTOP-A3C766P" failures="0" tests="1" name="CRUDreqreswithBDD.Getallprojects" time="2.629" errors="0" timestamp="2023-06-21T15:35:32 IST" skipped="0">
  <testcase classname="CRUDreqreswithBDD.Getallprojects" name="getlistuser" time="2.629"/>
  <system-out/>
</testsuite> <!-- CRUDreqreswithBDD.Getallprojects -->
