<?xml version="1.0" encoding="UTF-8"?>
<!-- Generated by org.testng.reporters.JUnitReportReporter -->
<testsuite hostname="DESKTOP-A3C766P" failures="0" tests="1" name="parameterREQRES.QURyparameter" time="3.915" errors="0" timestamp="2023-06-22T15:01:34 IST" skipped="0">
  <testcase classname="parameterREQRES.QURyparameter" name="qrypara" time="3.915"/>
  <system-out/>
</testsuite> <!-- parameterREQRES.QURyparameter -->
