<?xml version="1.0" encoding="UTF-8"?>
<!-- Generated by org.testng.reporters.JUnitReportReporter -->
<testsuite hostname="DESKTOP-A3C766P" failures="0" tests="1" name="serialization.EmpserializationArray" time="0.313" errors="0" timestamp="2023-08-07T15:28:45 IST" skipped="0">
  <testcase classname="serialization.EmpserializationArray" name="empArrayserilztn" time="0.313"/>
  <system-out/>
</testsuite> <!-- serialization.EmpserializationArray -->
