<?xml version="1.0" encoding="UTF-8"?>
<!-- Generated by org.testng.reporters.JUnitReportReporter -->
<testsuite hostname="DESKTOP-A3C766P" failures="0" tests="1" name="CRUDwithBDD.getallproject" time="2.223" errors="0" timestamp="2023-06-21T15:23:05 IST" skipped="0">
  <testcase classname="CRUDwithBDD.getallproject" name="getallproj" time="2.223"/>
  <system-out/>
</testsuite> <!-- CRUDwithBDD.getallproject -->
