<?xml version="1.0" encoding="UTF-8"?>
<!-- Generated by org.testng.reporters.JUnitReportReporter -->
<testsuite hostname="DESKTOP-A3C766P" failures="0" tests="1" name="serialization.Employeserialization" time="0.331" errors="0" timestamp="2023-08-07T15:23:45 IST" skipped="0">
  <testcase classname="serialization.Employeserialization" name="empserilztion" time="0.331"/>
  <system-out/>
</testsuite> <!-- serialization.Employeserialization -->
