<?xml version="1.0" encoding="UTF-8"?>
<!-- Generated by org.testng.reporters.JUnitReportReporter -->
<testsuite hostname="DESKTOP-A3C766P" failures="0" tests="1" name="DifferentwaytoPOSTrequest.postreqwithHASHMAP" time="2.616" errors="0" timestamp="2023-06-22T11:14:08 IST" skipped="0">
  <testcase classname="DifferentwaytoPOSTrequest.postreqwithHASHMAP" name="postreqhash" time="2.616"/>
  <system-out/>
</testsuite> <!-- DifferentwaytoPOSTrequest.postreqwithHASHMAP -->
