<?xml version="1.0" encoding="UTF-8"?>
<!-- Generated by org.testng.reporters.JUnitReportReporter -->
<testsuite hostname="DESKTOP-A3C766P" failures="0" tests="1" name="Authentication.Basic" time="2.134" errors="0" timestamp="2023-06-23T12:41:49 IST" skipped="0">
  <testcase classname="Authentication.Basic" name="basicauth" time="2.134"/>
  <system-out/>
</testsuite> <!-- Authentication.Basic -->
