<?xml version="1.0" encoding="UTF-8"?>
<!-- Generated by org.testng.reporters.JUnitReportReporter -->
<testsuite hostname="DESKTOP-A3C766P" failures="0" tests="1" name="NormalTestScript.GettheprojectinAPI" time="2.063" errors="0" timestamp="2023-06-28T16:53:12 IST" skipped="0">
  <testcase classname="NormalTestScript.GettheprojectinAPI" name="getproj" time="2.063"/>
  <system-out/>
</testsuite> <!-- NormalTestScript.GettheprojectinAPI -->
