<?xml version="1.0" encoding="UTF-8"?>
<!-- Generated by org.testng.reporters.JUnitReportReporter -->
<testsuite hostname="DESKTOP-A3C766P" failures="0" tests="1" name="Deserialization.Employeedeserialization" time="0.308" errors="0" timestamp="2023-06-27T11:05:59 IST" skipped="0">
  <testcase classname="Deserialization.Employeedeserialization" name="empdeserialization" time="0.308"/>
  <system-out/>
</testsuite> <!-- Deserialization.Employeedeserialization -->
