<?xml version="1.0" encoding="UTF-8"?>
<!-- Generated by org.testng.reporters.JUnitReportReporter -->
<testsuite hostname="DESKTOP-A3C766P" failures="0" tests="1" name="moc.Requestchaining" time="6.781" errors="0" timestamp="2023-06-30T12:22:28 IST" skipped="0">
  <testcase classname="moc.Requestchaining" name="reqchai" time="6.781"/>
  <system-out/>
</testsuite> <!-- moc.Requestchaining -->
