<?xml version="1.0" encoding="UTF-8"?>
<!-- Generated by org.testng.reporters.JUnitReportReporter -->
<testsuite hostname="DESKTOP-A3C766P" failures="0" tests="1" name="Authentication.Barreertokenget" time="2.960" errors="0" timestamp="2023-06-23T13:26:20 IST" skipped="0">
  <testcase classname="Authentication.Barreertokenget" name="bareerget" time="2.960"/>
  <system-out/>
</testsuite> <!-- Authentication.Barreertokenget -->
