<?xml version="1.0" encoding="UTF-8"?>
<!-- Generated by org.testng.reporters.JUnitReportReporter -->
<testsuite hostname="DESKTOP-A3C766P" failures="0" tests="1" name="Authentication.Barrertoken" time="4.427" errors="0" timestamp="2023-06-23T13:10:16 IST" skipped="0">
  <testcase classname="Authentication.Barrertoken" name="barrer" time="4.427"/>
  <system-out/>
</testsuite> <!-- Authentication.Barrertoken -->
